Copyright 1986-2022 Xilinx, Inc. All Rights Reserved. Copyright 2022-2023 Advanced Micro Devices, Inc. All Rights Reserved.
------------------------------------------------------------------------------------------------------------------------------------------------------------------------------------------------------
| Tool Version : Vivado v.2023.2 (lin64) Build 4029153 Fri Oct 13 20:13:54 MDT 2023
| Date         : Mon Mar  9 12:12:43 2026
| Host         : arch running 64-bit Arch Linux
| Command      : report_timing_summary -max_paths 10 -report_unconstrained -file top_timing_summary_routed.rpt -pb top_timing_summary_routed.pb -rpx top_timing_summary_routed.rpx -warn_on_violation
| Design       : top
| Device       : 7a100t-csg324
| Speed File   : -1  PRODUCTION 1.23 2018-06-13
| Design State : Routed
------------------------------------------------------------------------------------------------------------------------------------------------------------------------------------------------------

Timing Summary Report

------------------------------------------------------------------------------------------------
| Timer Settings
| --------------
------------------------------------------------------------------------------------------------

  Enable Multi Corner Analysis               :  Yes
  Enable Pessimism Removal                   :  Yes
  Pessimism Removal Resolution               :  Nearest Common Node
  Enable Input Delay Default Clock           :  No
  Enable Preset / Clear Arcs                 :  No
  Disable Flight Delays                      :  No
  Ignore I/O Paths                           :  No
  Timing Early Launch at Borrowing Latches   :  No
  Borrow Time for Max Delay Exceptions       :  Yes
  Merge Timing Exceptions                    :  Yes
  Inter-SLR Compensation                     :  Conservative

  Corner  Analyze    Analyze    
  Name    Max Paths  Min Paths  
  ------  ---------  ---------  
  Slow    Yes        Yes        
  Fast    Yes        Yes        


------------------------------------------------------------------------------------------------
| Report Methodology
| ------------------
------------------------------------------------------------------------------------------------

Rule       Severity          Description                  Violations  
---------  ----------------  ---------------------------  ----------  
TIMING-17  Critical Warning  Non-clocked sequential cell  8           

Note: This report is based on the most recent report_methodology run and may not be up-to-date. Run report_methodology on the current design for the latest report.



check_timing report

Table of Contents
-----------------
1. checking no_clock (8)
2. checking constant_clock (0)
3. checking pulse_width_clock (0)
4. checking unconstrained_internal_endpoints (16)
5. checking no_input_delay (1)
6. checking no_output_delay (3)
7. checking multiple_clock (0)
8. checking generated_clocks (0)
9. checking loops (0)
10. checking partial_input_delay (0)
11. checking partial_output_delay (0)
12. checking latch_loops (0)

1. checking no_clock (8)
------------------------
 There are 8 register/latch pins with no clock driven by root clock pin: clk_i (HIGH)


2. checking constant_clock (0)
------------------------------
 There are 0 register/latch pins with constant_clock.


3. checking pulse_width_clock (0)
---------------------------------
 There are 0 register/latch pins which need pulse_width check


4. checking unconstrained_internal_endpoints (16)
-------------------------------------------------
 There are 16 pins that are not constrained for maximum delay. (HIGH)

 There are 0 pins that are not constrained for maximum delay due to constant clock.


5. checking no_input_delay (1)
------------------------------
 There is 1 input port with no input delay specified. (HIGH)

 There are 0 input ports with no input delay but user has a false path constraint.


6. checking no_output_delay (3)
-------------------------------
 There are 3 ports with no output delay specified. (HIGH)

 There are 0 ports with no output delay but user has a false path constraint

 There are 0 ports with no output delay but with a timing clock defined on it or propagating through it


7. checking multiple_clock (0)
------------------------------
 There are 0 register/latch pins with multiple clocks.


8. checking generated_clocks (0)
--------------------------------
 There are 0 generated clocks that are not connected to a clock source.


9. checking loops (0)
---------------------
 There are 0 combinational loops in the design.


10. checking partial_input_delay (0)
------------------------------------
 There are 0 input ports with partial input delay specified.


11. checking partial_output_delay (0)
-------------------------------------
 There are 0 ports with partial output delay specified.


12. checking latch_loops (0)
----------------------------
 There are 0 combinational latch loops in the design through latch input



------------------------------------------------------------------------------------------------
| Design Timing Summary
| ---------------------
------------------------------------------------------------------------------------------------

    WNS(ns)      TNS(ns)  TNS Failing Endpoints  TNS Total Endpoints      WHS(ns)      THS(ns)  THS Failing Endpoints  THS Total Endpoints     WPWS(ns)     TPWS(ns)  TPWS Failing Endpoints  TPWS Total Endpoints  
    -------      -------  ---------------------  -------------------      -------      -------  ---------------------  -------------------     --------     --------  ----------------------  --------------------  
        inf        0.000                      0                   19          inf        0.000                      0                   19           NA           NA                      NA                    NA  


There are no user specified timing constraints.


------------------------------------------------------------------------------------------------
| Clock Summary
| -------------
------------------------------------------------------------------------------------------------


------------------------------------------------------------------------------------------------
| Intra Clock Table
| -----------------
------------------------------------------------------------------------------------------------

Clock             WNS(ns)      TNS(ns)  TNS Failing Endpoints  TNS Total Endpoints      WHS(ns)      THS(ns)  THS Failing Endpoints  THS Total Endpoints     WPWS(ns)     TPWS(ns)  TPWS Failing Endpoints  TPWS Total Endpoints  
-----             -------      -------  ---------------------  -------------------      -------      -------  ---------------------  -------------------     --------     --------  ----------------------  --------------------  


------------------------------------------------------------------------------------------------
| Inter Clock Table
| -----------------
------------------------------------------------------------------------------------------------

From Clock    To Clock          WNS(ns)      TNS(ns)  TNS Failing Endpoints  TNS Total Endpoints      WHS(ns)      THS(ns)  THS Failing Endpoints  THS Total Endpoints  
----------    --------          -------      -------  ---------------------  -------------------      -------      -------  ---------------------  -------------------  


------------------------------------------------------------------------------------------------
| Other Path Groups Table
| -----------------------
------------------------------------------------------------------------------------------------

Path Group    From Clock    To Clock          WNS(ns)      TNS(ns)  TNS Failing Endpoints  TNS Total Endpoints      WHS(ns)      THS(ns)  THS Failing Endpoints  THS Total Endpoints  
----------    ----------    --------          -------      -------  ---------------------  -------------------      -------      -------  ---------------------  -------------------  


------------------------------------------------------------------------------------------------
| User Ignored Path Table
| -----------------------
------------------------------------------------------------------------------------------------

Path Group    From Clock    To Clock    
----------    ----------    --------    


------------------------------------------------------------------------------------------------
| Unconstrained Path Table
| ------------------------
------------------------------------------------------------------------------------------------

Path Group    From Clock    To Clock    
----------    ----------    --------    
(none)                                    


------------------------------------------------------------------------------------------------
| Timing Details
| --------------
------------------------------------------------------------------------------------------------


--------------------------------------------------------------------------------------
Path Group:  (none)
From Clock:  
  To Clock:  

Max Delay            19 Endpoints
Min Delay            19 Endpoints
--------------------------------------------------------------------------------------


Max Delay Paths
--------------------------------------------------------------------------------------
Slack:                    inf
  Source:                 FSM_onehot_counter_state_reg[5]/C
                            (rising edge-triggered cell FDCE)
  Destination:            led_o[2]
                            (output port)
  Path Group:             (none)
  Path Type:              Max at Slow Process Corner
  Data Path Delay:        7.090ns  (logic 4.133ns (58.284%)  route 2.958ns (41.716%))
  Logic Levels:           3  (FDCE=1 LUT4=1 OBUF=1)

    Location             Delay type                Incr(ns)  Path(ns)    Netlist Resource(s)
  -------------------------------------------------------------------    -------------------
    SLICE_X0Y103         FDCE                         0.000     0.000 r  FSM_onehot_counter_state_reg[5]/C
    SLICE_X0Y103         FDCE (Prop_fdce_C_Q)         0.456     0.456 r  FSM_onehot_counter_state_reg[5]/Q
                         net (fo=4, routed)           0.895     1.351    FSM_onehot_counter_state_reg_n_0_[5]
    SLICE_X0Y103         LUT4 (Prop_lut4_I3_O)        0.124     1.475 r  led_o_OBUF[2]_inst_i_1/O
                         net (fo=1, routed)           2.063     3.538    led_o_OBUF[2]
    J13                  OBUF (Prop_obuf_I_O)         3.553     7.090 r  led_o_OBUF[2]_inst/O
                         net (fo=0)                   0.000     7.090    led_o[2]
    J13                                                               r  led_o[2] (OUT)
  -------------------------------------------------------------------    -------------------

Slack:                    inf
  Source:                 FSM_onehot_counter_state_reg[5]/C
                            (rising edge-triggered cell FDCE)
  Destination:            led_o[0]
                            (output port)
  Path Group:             (none)
  Path Type:              Max at Slow Process Corner
  Data Path Delay:        6.840ns  (logic 4.100ns (59.946%)  route 2.740ns (40.054%))
  Logic Levels:           3  (FDCE=1 LUT4=1 OBUF=1)

    Location             Delay type                Incr(ns)  Path(ns)    Netlist Resource(s)
  -------------------------------------------------------------------    -------------------
    SLICE_X0Y103         FDCE                         0.000     0.000 r  FSM_onehot_counter_state_reg[5]/C
    SLICE_X0Y103         FDCE (Prop_fdce_C_Q)         0.456     0.456 r  FSM_onehot_counter_state_reg[5]/Q
                         net (fo=4, routed)           0.692     1.148    FSM_onehot_counter_state_reg_n_0_[5]
    SLICE_X0Y103         LUT4 (Prop_lut4_I1_O)        0.124     1.272 r  led_o_OBUF[0]_inst_i_1/O
                         net (fo=1, routed)           2.048     3.320    led_o_OBUF[0]
    H17                  OBUF (Prop_obuf_I_O)         3.520     6.840 r  led_o_OBUF[0]_inst/O
                         net (fo=0)                   0.000     6.840    led_o[0]
    H17                                                               r  led_o[0] (OUT)
  -------------------------------------------------------------------    -------------------

Slack:                    inf
  Source:                 FSM_onehot_counter_state_reg[5]/C
                            (rising edge-triggered cell FDCE)
  Destination:            led_o[1]
                            (output port)
  Path Group:             (none)
  Path Type:              Max at Slow Process Corner
  Data Path Delay:        6.498ns  (logic 4.115ns (63.330%)  route 2.383ns (36.670%))
  Logic Levels:           3  (FDCE=1 LUT4=1 OBUF=1)

    Location             Delay type                Incr(ns)  Path(ns)    Netlist Resource(s)
  -------------------------------------------------------------------    -------------------
    SLICE_X0Y103         FDCE                         0.000     0.000 r  FSM_onehot_counter_state_reg[5]/C
    SLICE_X0Y103         FDCE (Prop_fdce_C_Q)         0.456     0.456 r  FSM_onehot_counter_state_reg[5]/Q
                         net (fo=4, routed)           0.695     1.151    FSM_onehot_counter_state_reg_n_0_[5]
    SLICE_X0Y103         LUT4 (Prop_lut4_I0_O)        0.124     1.275 r  led_o_OBUF[1]_inst_i_1/O
                         net (fo=1, routed)           1.688     2.963    led_o_OBUF[1]
    K15                  OBUF (Prop_obuf_I_O)         3.535     6.498 r  led_o_OBUF[1]_inst/O
                         net (fo=0)                   0.000     6.498    led_o[1]
    K15                                                               r  led_o[1] (OUT)
  -------------------------------------------------------------------    -------------------

Slack:                    inf
  Source:                 rst_i
                            (input port)
  Destination:            FSM_onehot_counter_state_reg[4]/CLR
  Path Group:             (none)
  Path Type:              Max at Slow Process Corner
  Data Path Delay:        3.300ns  (logic 1.467ns (44.469%)  route 1.832ns (55.531%))
  Logic Levels:           1  (IBUF=1)

    Location             Delay type                Incr(ns)  Path(ns)    Netlist Resource(s)
  -------------------------------------------------------------------    -------------------
    M17                                               0.000     0.000 f  rst_i (IN)
                         net (fo=0)                   0.000     0.000    rst_i
    M17                  IBUF (Prop_ibuf_I_O)         1.467     1.467 f  rst_i_IBUF_inst/O
                         net (fo=8, routed)           1.832     3.300    rst_i_IBUF
    SLICE_X0Y103         FDCE                                         f  FSM_onehot_counter_state_reg[4]/CLR
  -------------------------------------------------------------------    -------------------

Slack:                    inf
  Source:                 rst_i
                            (input port)
  Destination:            FSM_onehot_counter_state_reg[5]/CLR
  Path Group:             (none)
  Path Type:              Max at Slow Process Corner
  Data Path Delay:        3.300ns  (logic 1.467ns (44.469%)  route 1.832ns (55.531%))
  Logic Levels:           1  (IBUF=1)

    Location             Delay type                Incr(ns)  Path(ns)    Netlist Resource(s)
  -------------------------------------------------------------------    -------------------
    M17                                               0.000     0.000 f  rst_i (IN)
                         net (fo=0)                   0.000     0.000    rst_i
    M17                  IBUF (Prop_ibuf_I_O)         1.467     1.467 f  rst_i_IBUF_inst/O
                         net (fo=8, routed)           1.832     3.300    rst_i_IBUF
    SLICE_X0Y103         FDCE                                         f  FSM_onehot_counter_state_reg[5]/CLR
  -------------------------------------------------------------------    -------------------

Slack:                    inf
  Source:                 rst_i
                            (input port)
  Destination:            FSM_onehot_counter_state_reg[6]/CLR
  Path Group:             (none)
  Path Type:              Max at Slow Process Corner
  Data Path Delay:        3.300ns  (logic 1.467ns (44.469%)  route 1.832ns (55.531%))
  Logic Levels:           1  (IBUF=1)

    Location             Delay type                Incr(ns)  Path(ns)    Netlist Resource(s)
  -------------------------------------------------------------------    -------------------
    M17                                               0.000     0.000 f  rst_i (IN)
                         net (fo=0)                   0.000     0.000    rst_i
    M17                  IBUF (Prop_ibuf_I_O)         1.467     1.467 f  rst_i_IBUF_inst/O
                         net (fo=8, routed)           1.832     3.300    rst_i_IBUF
    SLICE_X0Y103         FDCE                                         f  FSM_onehot_counter_state_reg[6]/CLR
  -------------------------------------------------------------------    -------------------

Slack:                    inf
  Source:                 rst_i
                            (input port)
  Destination:            FSM_onehot_counter_state_reg[7]/CLR
  Path Group:             (none)
  Path Type:              Max at Slow Process Corner
  Data Path Delay:        3.300ns  (logic 1.467ns (44.469%)  route 1.832ns (55.531%))
  Logic Levels:           1  (IBUF=1)

    Location             Delay type                Incr(ns)  Path(ns)    Netlist Resource(s)
  -------------------------------------------------------------------    -------------------
    M17                                               0.000     0.000 f  rst_i (IN)
                         net (fo=0)                   0.000     0.000    rst_i
    M17                  IBUF (Prop_ibuf_I_O)         1.467     1.467 f  rst_i_IBUF_inst/O
                         net (fo=8, routed)           1.832     3.300    rst_i_IBUF
    SLICE_X0Y103         FDCE                                         f  FSM_onehot_counter_state_reg[7]/CLR
  -------------------------------------------------------------------    -------------------

Slack:                    inf
  Source:                 rst_i
                            (input port)
  Destination:            FSM_onehot_counter_state_reg[0]/PRE
  Path Group:             (none)
  Path Type:              Max at Slow Process Corner
  Data Path Delay:        3.296ns  (logic 1.467ns (44.527%)  route 1.828ns (55.473%))
  Logic Levels:           1  (IBUF=1)

    Location             Delay type                Incr(ns)  Path(ns)    Netlist Resource(s)
  -------------------------------------------------------------------    -------------------
    M17                                               0.000     0.000 f  rst_i (IN)
                         net (fo=0)                   0.000     0.000    rst_i
    M17                  IBUF (Prop_ibuf_I_O)         1.467     1.467 f  rst_i_IBUF_inst/O
                         net (fo=8, routed)           1.828     3.296    rst_i_IBUF
    SLICE_X1Y103         FDPE                                         f  FSM_onehot_counter_state_reg[0]/PRE
  -------------------------------------------------------------------    -------------------

Slack:                    inf
  Source:                 rst_i
                            (input port)
  Destination:            FSM_onehot_counter_state_reg[1]/CLR
  Path Group:             (none)
  Path Type:              Max at Slow Process Corner
  Data Path Delay:        3.296ns  (logic 1.467ns (44.527%)  route 1.828ns (55.473%))
  Logic Levels:           1  (IBUF=1)

    Location             Delay type                Incr(ns)  Path(ns)    Netlist Resource(s)
  -------------------------------------------------------------------    -------------------
    M17                                               0.000     0.000 f  rst_i (IN)
                         net (fo=0)                   0.000     0.000    rst_i
    M17                  IBUF (Prop_ibuf_I_O)         1.467     1.467 f  rst_i_IBUF_inst/O
                         net (fo=8, routed)           1.828     3.296    rst_i_IBUF
    SLICE_X1Y103         FDCE                                         f  FSM_onehot_counter_state_reg[1]/CLR
  -------------------------------------------------------------------    -------------------

Slack:                    inf
  Source:                 rst_i
                            (input port)
  Destination:            FSM_onehot_counter_state_reg[2]/CLR
  Path Group:             (none)
  Path Type:              Max at Slow Process Corner
  Data Path Delay:        3.296ns  (logic 1.467ns (44.527%)  route 1.828ns (55.473%))
  Logic Levels:           1  (IBUF=1)

    Location             Delay type                Incr(ns)  Path(ns)    Netlist Resource(s)
  -------------------------------------------------------------------    -------------------
    M17                                               0.000     0.000 f  rst_i (IN)
                         net (fo=0)                   0.000     0.000    rst_i
    M17                  IBUF (Prop_ibuf_I_O)         1.467     1.467 f  rst_i_IBUF_inst/O
                         net (fo=8, routed)           1.828     3.296    rst_i_IBUF
    SLICE_X1Y103         FDCE                                         f  FSM_onehot_counter_state_reg[2]/CLR
  -------------------------------------------------------------------    -------------------





Min Delay Paths
--------------------------------------------------------------------------------------
Slack:                    inf
  Source:                 FSM_onehot_counter_state_reg[3]/C
                            (rising edge-triggered cell FDCE)
  Destination:            FSM_onehot_counter_state_reg[4]/D
  Path Group:             (none)
  Path Type:              Min at Fast Process Corner
  Data Path Delay:        0.270ns  (logic 0.141ns (52.229%)  route 0.129ns (47.771%))
  Logic Levels:           1  (FDCE=1)

    Location             Delay type                Incr(ns)  Path(ns)    Netlist Resource(s)
  -------------------------------------------------------------------    -------------------
    SLICE_X1Y103         FDCE                         0.000     0.000 r  FSM_onehot_counter_state_reg[3]/C
    SLICE_X1Y103         FDCE (Prop_fdce_C_Q)         0.141     0.141 r  FSM_onehot_counter_state_reg[3]/Q
                         net (fo=2, routed)           0.129     0.270    FSM_onehot_counter_state_reg_n_0_[3]
    SLICE_X0Y103         FDCE                                         r  FSM_onehot_counter_state_reg[4]/D
  -------------------------------------------------------------------    -------------------

Slack:                    inf
  Source:                 FSM_onehot_counter_state_reg[4]/C
                            (rising edge-triggered cell FDCE)
  Destination:            FSM_onehot_counter_state_reg[5]/D
  Path Group:             (none)
  Path Type:              Min at Fast Process Corner
  Data Path Delay:        0.335ns  (logic 0.141ns (42.091%)  route 0.194ns (57.909%))
  Logic Levels:           1  (FDCE=1)

    Location             Delay type                Incr(ns)  Path(ns)    Netlist Resource(s)
  -------------------------------------------------------------------    -------------------
    SLICE_X0Y103         FDCE                         0.000     0.000 r  FSM_onehot_counter_state_reg[4]/C
    SLICE_X0Y103         FDCE (Prop_fdce_C_Q)         0.141     0.141 r  FSM_onehot_counter_state_reg[4]/Q
                         net (fo=3, routed)           0.194     0.335    FSM_onehot_counter_state_reg_n_0_[4]
    SLICE_X0Y103         FDCE                                         r  FSM_onehot_counter_state_reg[5]/D
  -------------------------------------------------------------------    -------------------

Slack:                    inf
  Source:                 FSM_onehot_counter_state_reg[5]/C
                            (rising edge-triggered cell FDCE)
  Destination:            FSM_onehot_counter_state_reg[6]/D
  Path Group:             (none)
  Path Type:              Min at Fast Process Corner
  Data Path Delay:        0.346ns  (logic 0.141ns (40.727%)  route 0.205ns (59.273%))
  Logic Levels:           1  (FDCE=1)

    Location             Delay type                Incr(ns)  Path(ns)    Netlist Resource(s)
  -------------------------------------------------------------------    -------------------
    SLICE_X0Y103         FDCE                         0.000     0.000 r  FSM_onehot_counter_state_reg[5]/C
    SLICE_X0Y103         FDCE (Prop_fdce_C_Q)         0.141     0.141 r  FSM_onehot_counter_state_reg[5]/Q
                         net (fo=4, routed)           0.205     0.346    FSM_onehot_counter_state_reg_n_0_[5]
    SLICE_X0Y103         FDCE                                         r  FSM_onehot_counter_state_reg[6]/D
  -------------------------------------------------------------------    -------------------

Slack:                    inf
  Source:                 FSM_onehot_counter_state_reg[7]/C
                            (rising edge-triggered cell FDCE)
  Destination:            FSM_onehot_counter_state_reg[0]/D
  Path Group:             (none)
  Path Type:              Min at Fast Process Corner
  Data Path Delay:        0.469ns  (logic 0.141ns (30.070%)  route 0.328ns (69.930%))
  Logic Levels:           1  (FDCE=1)

    Location             Delay type                Incr(ns)  Path(ns)    Netlist Resource(s)
  -------------------------------------------------------------------    -------------------
    SLICE_X0Y103         FDCE                         0.000     0.000 r  FSM_onehot_counter_state_reg[7]/C
    SLICE_X0Y103         FDCE (Prop_fdce_C_Q)         0.141     0.141 r  FSM_onehot_counter_state_reg[7]/Q
                         net (fo=2, routed)           0.328     0.469    FSM_onehot_counter_state_reg_n_0_[7]
    SLICE_X1Y103         FDPE                                         r  FSM_onehot_counter_state_reg[0]/D
  -------------------------------------------------------------------    -------------------

Slack:                    inf
  Source:                 FSM_onehot_counter_state_reg[0]/C
                            (rising edge-triggered cell FDPE)
  Destination:            FSM_onehot_counter_state_reg[1]/D
  Path Group:             (none)
  Path Type:              Min at Fast Process Corner
  Data Path Delay:        0.470ns  (logic 0.141ns (29.976%)  route 0.329ns (70.024%))
  Logic Levels:           1  (FDPE=1)

    Location             Delay type                Incr(ns)  Path(ns)    Netlist Resource(s)
  -------------------------------------------------------------------    -------------------
    SLICE_X1Y103         FDPE                         0.000     0.000 r  FSM_onehot_counter_state_reg[0]/C
    SLICE_X1Y103         FDPE (Prop_fdpe_C_Q)         0.141     0.141 r  FSM_onehot_counter_state_reg[0]/Q
                         net (fo=1, routed)           0.329     0.470    FSM_onehot_counter_state_reg_n_0_[0]
    SLICE_X1Y103         FDCE                                         r  FSM_onehot_counter_state_reg[1]/D
  -------------------------------------------------------------------    -------------------

Slack:                    inf
  Source:                 FSM_onehot_counter_state_reg[1]/C
                            (rising edge-triggered cell FDCE)
  Destination:            FSM_onehot_counter_state_reg[2]/D
  Path Group:             (none)
  Path Type:              Min at Fast Process Corner
  Data Path Delay:        0.481ns  (logic 0.141ns (29.284%)  route 0.340ns (70.716%))
  Logic Levels:           1  (FDCE=1)

    Location             Delay type                Incr(ns)  Path(ns)    Netlist Resource(s)
  -------------------------------------------------------------------    -------------------
    SLICE_X1Y103         FDCE                         0.000     0.000 r  FSM_onehot_counter_state_reg[1]/C
    SLICE_X1Y103         FDCE (Prop_fdce_C_Q)         0.141     0.141 r  FSM_onehot_counter_state_reg[1]/Q
                         net (fo=2, routed)           0.340     0.481    FSM_onehot_counter_state_reg_n_0_[1]
    SLICE_X1Y103         FDCE                                         r  FSM_onehot_counter_state_reg[2]/D
  -------------------------------------------------------------------    -------------------

Slack:                    inf
  Source:                 FSM_onehot_counter_state_reg[2]/C
                            (rising edge-triggered cell FDCE)
  Destination:            FSM_onehot_counter_state_reg[3]/D
  Path Group:             (none)
  Path Type:              Min at Fast Process Corner
  Data Path Delay:        0.493ns  (logic 0.141ns (28.624%)  route 0.352ns (71.376%))
  Logic Levels:           1  (FDCE=1)

    Location             Delay type                Incr(ns)  Path(ns)    Netlist Resource(s)
  -------------------------------------------------------------------    -------------------
    SLICE_X1Y103         FDCE                         0.000     0.000 r  FSM_onehot_counter_state_reg[2]/C
    SLICE_X1Y103         FDCE (Prop_fdce_C_Q)         0.141     0.141 r  FSM_onehot_counter_state_reg[2]/Q
                         net (fo=3, routed)           0.352     0.493    FSM_onehot_counter_state_reg_n_0_[2]
    SLICE_X1Y103         FDCE                                         r  FSM_onehot_counter_state_reg[3]/D
  -------------------------------------------------------------------    -------------------

Slack:                    inf
  Source:                 FSM_onehot_counter_state_reg[6]/C
                            (rising edge-triggered cell FDCE)
  Destination:            FSM_onehot_counter_state_reg[7]/D
  Path Group:             (none)
  Path Type:              Min at Fast Process Corner
  Data Path Delay:        0.538ns  (logic 0.141ns (26.196%)  route 0.397ns (73.804%))
  Logic Levels:           1  (FDCE=1)

    Location             Delay type                Incr(ns)  Path(ns)    Netlist Resource(s)
  -------------------------------------------------------------------    -------------------
    SLICE_X0Y103         FDCE                         0.000     0.000 r  FSM_onehot_counter_state_reg[6]/C
    SLICE_X0Y103         FDCE (Prop_fdce_C_Q)         0.141     0.141 r  FSM_onehot_counter_state_reg[6]/Q
                         net (fo=3, routed)           0.397     0.538    FSM_onehot_counter_state_reg_n_0_[6]
    SLICE_X0Y103         FDCE                                         r  FSM_onehot_counter_state_reg[7]/D
  -------------------------------------------------------------------    -------------------

Slack:                    inf
  Source:                 rst_i
                            (input port)
  Destination:            FSM_onehot_counter_state_reg[0]/PRE
  Path Group:             (none)
  Path Type:              Min at Fast Process Corner
  Data Path Delay:        0.975ns  (logic 0.235ns (24.155%)  route 0.739ns (75.845%))
  Logic Levels:           1  (IBUF=1)

    Location             Delay type                Incr(ns)  Path(ns)    Netlist Resource(s)
  -------------------------------------------------------------------    -------------------
    M17                                               0.000     0.000 f  rst_i (IN)
                         net (fo=0)                   0.000     0.000    rst_i
    M17                  IBUF (Prop_ibuf_I_O)         0.235     0.235 f  rst_i_IBUF_inst/O
                         net (fo=8, routed)           0.739     0.975    rst_i_IBUF
    SLICE_X1Y103         FDPE                                         f  FSM_onehot_counter_state_reg[0]/PRE
  -------------------------------------------------------------------    -------------------

Slack:                    inf
  Source:                 rst_i
                            (input port)
  Destination:            FSM_onehot_counter_state_reg[1]/CLR
  Path Group:             (none)
  Path Type:              Min at Fast Process Corner
  Data Path Delay:        0.975ns  (logic 0.235ns (24.155%)  route 0.739ns (75.845%))
  Logic Levels:           1  (IBUF=1)

    Location             Delay type                Incr(ns)  Path(ns)    Netlist Resource(s)
  -------------------------------------------------------------------    -------------------
    M17                                               0.000     0.000 f  rst_i (IN)
                         net (fo=0)                   0.000     0.000    rst_i
    M17                  IBUF (Prop_ibuf_I_O)         0.235     0.235 f  rst_i_IBUF_inst/O
                         net (fo=8, routed)           0.739     0.975    rst_i_IBUF
    SLICE_X1Y103         FDCE                                         f  FSM_onehot_counter_state_reg[1]/CLR
  -------------------------------------------------------------------    -------------------





