Copyright 1986-2022 Xilinx, Inc. All Rights Reserved. Copyright 2022-2024 Advanced Micro Devices, Inc. All Rights Reserved.
---------------------------------------------------------------------------------------------------------------------------------------------
| Tool Version : Vivado v.2024.2 (win64) Build 5239630 Fri Nov 08 22:35:27 MST 2024
| Date         : Mon Mar 16 14:15:17 2026
| Host         : user-KOMPUTER running 64-bit major release  (build 9200)
| Command      : report_drc -file top_drc_routed.rpt -pb top_drc_routed.pb -rpx top_drc_routed.rpx
| Design       : top
| Device       : xc7a100tcsg324-1
| Speed File   : -1
| Design State : Fully Routed
---------------------------------------------------------------------------------------------------------------------------------------------

Report DRC

Table of Contents
-----------------
1. REPORT SUMMARY
2. REPORT DETAILS

1. REPORT SUMMARY
-----------------
            Netlist: netlist
          Floorplan: design_1
      Design limits: <entire design considered>
           Ruledeck: default
             Max checks: <unlimited>
             Checks found: 4
+----------+----------+-------------------+--------+
| Rule     | Severity | Description       | Checks |
+----------+----------+-------------------+--------+
| PDRC-153 | Warning  | Gated clock check | 4      |
+----------+----------+-------------------+--------+

2. REPORT DETAILS
-----------------
PDRC-153#1 Warning
Gated clock check  
Net led7_seg_active_i_reg[0][7]_i_1_n_0 is a gated clock net sourced by a combinational pin led7_seg_active_i_reg[0][7]_i_1/O, cell led7_seg_active_i_reg[0][7]_i_1. This is not good design practice and will likely impact performance. For SLICE registers, for example, use the CE pin to control the loading of data.
Related violations: <none>

PDRC-153#2 Warning
Gated clock check  
Net led7_seg_active_i_reg[1][7]_i_2_n_0 is a gated clock net sourced by a combinational pin led7_seg_active_i_reg[1][7]_i_2/O, cell led7_seg_active_i_reg[1][7]_i_2. This is not good design practice and will likely impact performance. For SLICE registers, for example, use the CE pin to control the loading of data.
Related violations: <none>

PDRC-153#3 Warning
Gated clock check  
Net led7_seg_active_i_reg[2][7]_i_1_n_0 is a gated clock net sourced by a combinational pin led7_seg_active_i_reg[2][7]_i_1/O, cell led7_seg_active_i_reg[2][7]_i_1. This is not good design practice and will likely impact performance. For SLICE registers, for example, use the CE pin to control the loading of data.
Related violations: <none>

PDRC-153#4 Warning
Gated clock check  
Net led7_seg_active_i_reg[3][7]_i_1_n_0 is a gated clock net sourced by a combinational pin led7_seg_active_i_reg[3][7]_i_1/O, cell led7_seg_active_i_reg[3][7]_i_1. This is not good design practice and will likely impact performance. For SLICE registers, for example, use the CE pin to control the loading of data.
Related violations: <none>


