Copyright 1986-2022 Xilinx, Inc. All Rights Reserved. Copyright 2022-2023 Advanced Micro Devices, Inc. All Rights Reserved.
---------------------------------------------------------------------------------------------------------------------------------------------
| Tool Version : Vivado v.2023.2 (win64) Build 4029153 Fri Oct 13 20:14:34 MDT 2023
| Date         : Mon Mar 30 17:15:35 2026
| Host         : fpgalab208 running 64-bit major release  (build 9200)
| Command      : report_control_sets -verbose -file top_control_sets_placed.rpt
| Design       : top
| Device       : xc7a100t
---------------------------------------------------------------------------------------------------------------------------------------------

Control Set Information

Table of Contents
-----------------
1. Summary
2. Histogram
3. Flip-Flop Distribution
4. Detailed Control Set Information

1. Summary
----------

+----------------------------------------------------------+-------+
|                          Status                          | Count |
+----------------------------------------------------------+-------+
| Total control sets                                       |    13 |
|    Minimum number of control sets                        |    13 |
|    Addition due to synthesis replication                 |     0 |
|    Addition due to physical synthesis replication        |     0 |
| Unused register locations in slices containing registers |    55 |
+----------------------------------------------------------+-------+
* Control sets can be merged at opt_design using control_set_merge or merge_equivalent_drivers
** Run report_qor_suggestions for automated merging and remapping suggestions


2. Histogram
------------

+--------------------+-------+
|       Fanout       | Count |
+--------------------+-------+
| Total control sets |    13 |
| >= 0 to < 4        |     7 |
| >= 4 to < 6        |     1 |
| >= 6 to < 8        |     1 |
| >= 8 to < 10       |     0 |
| >= 10 to < 12      |     0 |
| >= 12 to < 14      |     0 |
| >= 14 to < 16      |     1 |
| >= 16              |     3 |
+--------------------+-------+
* Control sets can be remapped at either synth_design or opt_design


3. Flip-Flop Distribution
-------------------------

+--------------+-----------------------+------------------------+-----------------+--------------+
| Clock Enable | Synchronous Set/Reset | Asynchronous Set/Reset | Total Registers | Total Slices |
+--------------+-----------------------+------------------------+-----------------+--------------+
| No           | No                    | No                     |               5 |            3 |
| No           | No                    | Yes                    |               0 |            0 |
| No           | Yes                   | No                     |              32 |            9 |
| Yes          | No                    | No                     |              92 |           28 |
| Yes          | No                    | Yes                    |               0 |            0 |
| Yes          | Yes                   | No                     |               0 |            0 |
+--------------+-----------------------+------------------------+-----------------+--------------+


4. Detailed Control Set Information
-----------------------------------

+------------------+--------------------------+------------------------------+------------------+----------------+--------------+
|   Clock Signal   |       Enable Signal      |       Set/Reset Signal       | Slice Load Count | Bel Load Count | Bels / Slice |
+------------------+--------------------------+------------------------------+------------------+----------------+--------------+
|  clk_i_IBUF_BUFG | byte_val[2]_i_1_n_0      |                              |                1 |              1 |         1.00 |
|  clk_i_IBUF_BUFG | byte_val[5]_i_1_n_0      |                              |                1 |              1 |         1.00 |
|  clk_i_IBUF_BUFG | byte_val[7]_i_1_n_0      |                              |                1 |              1 |         1.00 |
|  clk_i_IBUF_BUFG | byte_val[6]_i_1_n_0      |                              |                1 |              1 |         1.00 |
|  clk_i_IBUF_BUFG | byte_val[1]_i_1_n_0      |                              |                1 |              1 |         1.00 |
|  clk_i_IBUF_BUFG | byte_val[4]_i_1_n_0      |                              |                1 |              1 |         1.00 |
|  clk_i_IBUF_BUFG | byte_val[3]_i_1_n_0      |                              |                1 |              1 |         1.00 |
|  clk_i_IBUF_BUFG |                          |                              |                3 |              5 |         1.67 |
|  clk_i_IBUF_BUFG | disp/led7_an_active      |                              |                2 |              7 |         3.50 |
|  clk_i_IBUF_BUFG | disp_digit_i[15]_i_1_n_0 |                              |                3 |             14 |         4.67 |
|  clk_i_IBUF_BUFG |                          | disp/clock_count[31]_i_1_n_0 |                9 |             32 |         3.56 |
|  clk_i_IBUF_BUFG | read_bit                 |                              |                8 |             32 |         4.00 |
|  clk_i_IBUF_BUFG | is_reading_reg_n_0       |                              |                8 |             32 |         4.00 |
+------------------+--------------------------+------------------------------+------------------+----------------+--------------+


