Copyright 1986-2022 Xilinx, Inc. All Rights Reserved. Copyright 2022-2024 Advanced Micro Devices, Inc. All Rights Reserved.
------------------------------------------------------------------------------------------------------------------------------------------------------------------------------------------------------
| Tool Version : Vivado v.2024.2 (win64) Build 5239630 Fri Nov 08 22:35:27 MST 2024
| Date         : Sun Mar  1 18:59:49 2026
| Host         : user-KOMPUTER running 64-bit major release  (build 9200)
| Command      : report_timing_summary -max_paths 10 -report_unconstrained -file top_timing_summary_routed.rpt -pb top_timing_summary_routed.pb -rpx top_timing_summary_routed.rpx -warn_on_violation
| Design       : top
| Device       : 7a100t-csg324
| Speed File   : -1  PRODUCTION 1.23 2018-06-13
| Design State : Routed
------------------------------------------------------------------------------------------------------------------------------------------------------------------------------------------------------

Timing Summary Report

------------------------------------------------------------------------------------------------
| Timer Settings
| --------------
------------------------------------------------------------------------------------------------

  Enable Multi Corner Analysis               :  Yes
  Enable Pessimism Removal                   :  Yes
  Pessimism Removal Resolution               :  Nearest Common Node
  Enable Input Delay Default Clock           :  No
  Enable Preset / Clear Arcs                 :  No
  Disable Flight Delays                      :  No
  Ignore I/O Paths                           :  No
  Timing Early Launch at Borrowing Latches   :  No
  Borrow Time for Max Delay Exceptions       :  Yes
  Merge Timing Exceptions                    :  Yes
  Inter-SLR Compensation                     :  Conservative

  Corner  Analyze    Analyze    
  Name    Max Paths  Min Paths  
  ------  ---------  ---------  
  Slow    Yes        Yes        
  Fast    Yes        Yes        


------------------------------------------------------------------------------------------------
| Report Methodology
| ------------------
------------------------------------------------------------------------------------------------

No report available as report_methodology has not been run prior. Run report_methodology on the current design for the summary of methodology violations.



check_timing report

Table of Contents
-----------------
1. checking no_clock (0)
2. checking constant_clock (0)
3. checking pulse_width_clock (0)
4. checking unconstrained_internal_endpoints (0)
5. checking no_input_delay (0)
6. checking no_output_delay (0)
7. checking multiple_clock (0)
8. checking generated_clocks (0)
9. checking loops (0)
10. checking partial_input_delay (0)
11. checking partial_output_delay (0)
12. checking latch_loops (0)

1. checking no_clock (0)
------------------------
 There are 0 register/latch pins with no clock.


2. checking constant_clock (0)
------------------------------
 There are 0 register/latch pins with constant_clock.


3. checking pulse_width_clock (0)
---------------------------------
 There are 0 register/latch pins which need pulse_width check


4. checking unconstrained_internal_endpoints (0)
------------------------------------------------
 There are 0 pins that are not constrained for maximum delay.

 There are 0 pins that are not constrained for maximum delay due to constant clock.


5. checking no_input_delay (0)
------------------------------
 There are 0 input ports with no input delay specified.

 There are 0 input ports with no input delay but user has a false path constraint.


6. checking no_output_delay (0)
-------------------------------
 There are 0 ports with no output delay specified.

 There are 0 ports with no output delay but user has a false path constraint

 There are 0 ports with no output delay but with a timing clock defined on it or propagating through it


7. checking multiple_clock (0)
------------------------------
 There are 0 register/latch pins with multiple clocks.


8. checking generated_clocks (0)
--------------------------------
 There are 0 generated clocks that are not connected to a clock source.


9. checking loops (0)
---------------------
 There are 0 combinational loops in the design.


10. checking partial_input_delay (0)
------------------------------------
 There are 0 input ports with partial input delay specified.


11. checking partial_output_delay (0)
-------------------------------------
 There are 0 ports with partial output delay specified.


12. checking latch_loops (0)
----------------------------
 There are 0 combinational latch loops in the design through latch input



------------------------------------------------------------------------------------------------
| Design Timing Summary
| ---------------------
------------------------------------------------------------------------------------------------

    WNS(ns)      TNS(ns)  TNS Failing Endpoints  TNS Total Endpoints      WHS(ns)      THS(ns)  THS Failing Endpoints  THS Total Endpoints     WPWS(ns)     TPWS(ns)  TPWS Failing Endpoints  TPWS Total Endpoints  
    -------      -------  ---------------------  -------------------      -------      -------  ---------------------  -------------------     --------     --------  ----------------------  --------------------  
        inf        0.000                      0                    3          inf        0.000                      0                    3           NA           NA                      NA                    NA  


There are no user specified timing constraints.


------------------------------------------------------------------------------------------------
| Clock Summary
| -------------
------------------------------------------------------------------------------------------------


------------------------------------------------------------------------------------------------
| Intra Clock Table
| -----------------
------------------------------------------------------------------------------------------------

Clock             WNS(ns)      TNS(ns)  TNS Failing Endpoints  TNS Total Endpoints      WHS(ns)      THS(ns)  THS Failing Endpoints  THS Total Endpoints     WPWS(ns)     TPWS(ns)  TPWS Failing Endpoints  TPWS Total Endpoints  
-----             -------      -------  ---------------------  -------------------      -------      -------  ---------------------  -------------------     --------     --------  ----------------------  --------------------  


------------------------------------------------------------------------------------------------
| Inter Clock Table
| -----------------
------------------------------------------------------------------------------------------------

From Clock    To Clock          WNS(ns)      TNS(ns)  TNS Failing Endpoints  TNS Total Endpoints      WHS(ns)      THS(ns)  THS Failing Endpoints  THS Total Endpoints  
----------    --------          -------      -------  ---------------------  -------------------      -------      -------  ---------------------  -------------------  


------------------------------------------------------------------------------------------------
| Other Path Groups Table
| -----------------------
------------------------------------------------------------------------------------------------

Path Group    From Clock    To Clock          WNS(ns)      TNS(ns)  TNS Failing Endpoints  TNS Total Endpoints      WHS(ns)      THS(ns)  THS Failing Endpoints  THS Total Endpoints  
----------    ----------    --------          -------      -------  ---------------------  -------------------      -------      -------  ---------------------  -------------------  


------------------------------------------------------------------------------------------------
| User Ignored Path Table
| -----------------------
------------------------------------------------------------------------------------------------

Path Group    From Clock    To Clock    
----------    ----------    --------    


------------------------------------------------------------------------------------------------
| Unconstrained Path Table
| ------------------------
------------------------------------------------------------------------------------------------

Path Group    From Clock    To Clock    
----------    ----------    --------    
(none)                                    


------------------------------------------------------------------------------------------------
| Timing Details
| --------------
------------------------------------------------------------------------------------------------


--------------------------------------------------------------------------------------
Path Group:  (none)
From Clock:  
  To Clock:  

Max Delay             3 Endpoints
Min Delay             3 Endpoints
--------------------------------------------------------------------------------------


Max Delay Paths
--------------------------------------------------------------------------------------
Slack:                    inf
  Source:                 sw_i[0]
                            (input port)
  Destination:            led7_seg_o[6]
                            (output port)
  Path Group:             (none)
  Path Type:              Max at Slow Process Corner
  Data Path Delay:        10.616ns  (logic 5.281ns (49.748%)  route 5.335ns (50.252%))
  Logic Levels:           4  (IBUF=1 LUT4=1 LUT5=1 OBUF=1)

    Location             Delay type                Incr(ns)  Path(ns)    Netlist Resource(s)
  -------------------------------------------------------------------    -------------------
    J15                                               0.000     0.000 r  sw_i[0] (IN)
                         net (fo=0)                   0.000     0.000    sw_i[0]
    J15                  IBUF (Prop_ibuf_I_O)         1.478     1.478 r  sw_i_IBUF[0]_inst/O
                         net (fo=1, routed)           1.779     3.256    sw_i_IBUF[0]
    SLICE_X0Y87          LUT4 (Prop_lut4_I2_O)        0.124     3.380 r  led7_seg_o_OBUF[6]_inst_i_2/O
                         net (fo=2, routed)           0.444     3.824    led7_seg_o_OBUF[6]_inst_i_2_n_0
    SLICE_X0Y87          LUT5 (Prop_lut5_I0_O)        0.124     3.948 r  led7_seg_o_OBUF[6]_inst_i_1/O
                         net (fo=2, routed)           3.112     7.060    led7_seg_o_OBUF[5]
    R10                  OBUF (Prop_obuf_I_O)         3.555    10.616 r  led7_seg_o_OBUF[6]_inst/O
                         net (fo=0)                   0.000    10.616    led7_seg_o[6]
    R10                                                               r  led7_seg_o[6] (OUT)
  -------------------------------------------------------------------    -------------------

Slack:                    inf
  Source:                 sw_i[0]
                            (input port)
  Destination:            led7_seg_o[5]
                            (output port)
  Path Group:             (none)
  Path Type:              Max at Slow Process Corner
  Data Path Delay:        9.517ns  (logic 5.219ns (54.835%)  route 4.298ns (45.165%))
  Logic Levels:           4  (IBUF=1 LUT4=1 LUT5=1 OBUF=1)

    Location             Delay type                Incr(ns)  Path(ns)    Netlist Resource(s)
  -------------------------------------------------------------------    -------------------
    J15                                               0.000     0.000 r  sw_i[0] (IN)
                         net (fo=0)                   0.000     0.000    sw_i[0]
    J15                  IBUF (Prop_ibuf_I_O)         1.478     1.478 r  sw_i_IBUF[0]_inst/O
                         net (fo=1, routed)           1.779     3.256    sw_i_IBUF[0]
    SLICE_X0Y87          LUT4 (Prop_lut4_I2_O)        0.124     3.380 r  led7_seg_o_OBUF[6]_inst_i_2/O
                         net (fo=2, routed)           0.444     3.824    led7_seg_o_OBUF[6]_inst_i_2_n_0
    SLICE_X0Y87          LUT5 (Prop_lut5_I0_O)        0.124     3.948 r  led7_seg_o_OBUF[6]_inst_i_1/O
                         net (fo=2, routed)           2.076     6.024    led7_seg_o_OBUF[5]
    K16                  OBUF (Prop_obuf_I_O)         3.493     9.517 r  led7_seg_o_OBUF[5]_inst/O
                         net (fo=0)                   0.000     9.517    led7_seg_o[5]
    K16                                                               r  led7_seg_o[5] (OUT)
  -------------------------------------------------------------------    -------------------

Slack:                    inf
  Source:                 sw_i[0]
                            (input port)
  Destination:            led7_seg_o[1]
                            (output port)
  Path Group:             (none)
  Path Type:              Max at Slow Process Corner
  Data Path Delay:        9.431ns  (logic 5.491ns (58.219%)  route 3.941ns (41.781%))
  Logic Levels:           4  (IBUF=1 LUT4=1 LUT5=1 OBUF=1)

    Location             Delay type                Incr(ns)  Path(ns)    Netlist Resource(s)
  -------------------------------------------------------------------    -------------------
    J15                                               0.000     0.000 r  sw_i[0] (IN)
                         net (fo=0)                   0.000     0.000    sw_i[0]
    J15                  IBUF (Prop_ibuf_I_O)         1.478     1.478 r  sw_i_IBUF[0]_inst/O
                         net (fo=1, routed)           1.779     3.256    sw_i_IBUF[0]
    SLICE_X0Y87          LUT4 (Prop_lut4_I2_O)        0.124     3.380 r  led7_seg_o_OBUF[6]_inst_i_2/O
                         net (fo=2, routed)           0.444     3.824    led7_seg_o_OBUF[6]_inst_i_2_n_0
    SLICE_X0Y87          LUT5 (Prop_lut5_I4_O)        0.150     3.974 r  led7_seg_o_OBUF[1]_inst_i_1/O
                         net (fo=1, routed)           1.718     5.692    led7_seg_o_OBUF[1]
    L18                  OBUF (Prop_obuf_I_O)         3.739     9.431 r  led7_seg_o_OBUF[1]_inst/O
                         net (fo=0)                   0.000     9.431    led7_seg_o[1]
    L18                                                               r  led7_seg_o[1] (OUT)
  -------------------------------------------------------------------    -------------------





Min Delay Paths
--------------------------------------------------------------------------------------
Slack:                    inf
  Source:                 sw_i[2]
                            (input port)
  Destination:            led7_seg_o[1]
                            (output port)
  Path Group:             (none)
  Path Type:              Min at Fast Process Corner
  Data Path Delay:        2.344ns  (logic 1.601ns (68.309%)  route 0.743ns (31.691%))
  Logic Levels:           3  (IBUF=1 LUT5=1 OBUF=1)

    Location             Delay type                Incr(ns)  Path(ns)    Netlist Resource(s)
  -------------------------------------------------------------------    -------------------
    M13                                               0.000     0.000 r  sw_i[2] (IN)
                         net (fo=0)                   0.000     0.000    sw_i[2]
    M13                  IBUF (Prop_ibuf_I_O)         0.253     0.253 r  sw_i_IBUF[2]_inst/O
                         net (fo=2, routed)           0.381     0.634    sw_i_IBUF[2]
    SLICE_X0Y87          LUT5 (Prop_lut5_I3_O)        0.048     0.682 r  led7_seg_o_OBUF[1]_inst_i_1/O
                         net (fo=1, routed)           0.362     1.044    led7_seg_o_OBUF[1]
    L18                  OBUF (Prop_obuf_I_O)         1.300     2.344 r  led7_seg_o_OBUF[1]_inst/O
                         net (fo=0)                   0.000     2.344    led7_seg_o[1]
    L18                                                               r  led7_seg_o[1] (OUT)
  -------------------------------------------------------------------    -------------------

Slack:                    inf
  Source:                 sw_i[2]
                            (input port)
  Destination:            led7_seg_o[5]
                            (output port)
  Path Group:             (none)
  Path Type:              Min at Fast Process Corner
  Data Path Delay:        2.374ns  (logic 1.492ns (62.865%)  route 0.881ns (37.135%))
  Logic Levels:           3  (IBUF=1 LUT5=1 OBUF=1)

    Location             Delay type                Incr(ns)  Path(ns)    Netlist Resource(s)
  -------------------------------------------------------------------    -------------------
    M13                                               0.000     0.000 r  sw_i[2] (IN)
                         net (fo=0)                   0.000     0.000    sw_i[2]
    M13                  IBUF (Prop_ibuf_I_O)         0.253     0.253 r  sw_i_IBUF[2]_inst/O
                         net (fo=2, routed)           0.381     0.634    sw_i_IBUF[2]
    SLICE_X0Y87          LUT5 (Prop_lut5_I1_O)        0.045     0.679 r  led7_seg_o_OBUF[6]_inst_i_1/O
                         net (fo=2, routed)           0.501     1.179    led7_seg_o_OBUF[5]
    K16                  OBUF (Prop_obuf_I_O)         1.194     2.374 r  led7_seg_o_OBUF[5]_inst/O
                         net (fo=0)                   0.000     2.374    led7_seg_o[5]
    K16                                                               r  led7_seg_o[5] (OUT)
  -------------------------------------------------------------------    -------------------

Slack:                    inf
  Source:                 sw_i[2]
                            (input port)
  Destination:            led7_seg_o[6]
                            (output port)
  Path Group:             (none)
  Path Type:              Min at Fast Process Corner
  Data Path Delay:        2.893ns  (logic 1.554ns (53.720%)  route 1.339ns (46.280%))
  Logic Levels:           3  (IBUF=1 LUT5=1 OBUF=1)

    Location             Delay type                Incr(ns)  Path(ns)    Netlist Resource(s)
  -------------------------------------------------------------------    -------------------
    M13                                               0.000     0.000 r  sw_i[2] (IN)
                         net (fo=0)                   0.000     0.000    sw_i[2]
    M13                  IBUF (Prop_ibuf_I_O)         0.253     0.253 r  sw_i_IBUF[2]_inst/O
                         net (fo=2, routed)           0.381     0.634    sw_i_IBUF[2]
    SLICE_X0Y87          LUT5 (Prop_lut5_I1_O)        0.045     0.679 r  led7_seg_o_OBUF[6]_inst_i_1/O
                         net (fo=2, routed)           0.958     1.637    led7_seg_o_OBUF[5]
    R10                  OBUF (Prop_obuf_I_O)         1.256     2.893 r  led7_seg_o_OBUF[6]_inst/O
                         net (fo=0)                   0.000     2.893    led7_seg_o[6]
    R10                                                               r  led7_seg_o[6] (OUT)
  -------------------------------------------------------------------    -------------------





